[30May2025 00:03:56.198] [Server thread/INFO] [net.minecraft.server.MinecraftServer/]: JeffKennedy48 has made the advancement [Mine? Mine? Mine?]
[30May2025 00:06:17.518] [Server thread/INFO] [net.minecraft.server.MinecraftServer/]: z7zenger7z was blown up by Creeper
[30May2025 00:06:27.560] [Worker-Main-39/ERROR] [net.minecraft.world.entity.decoration.HangingEntity/]: Hanging entity at invalid position: BlockPos{x=217, y=48, z=159}
[30May2025 00:08:04.732] [Worker-Main-41/ERROR] [net.minecraft.world.entity.decoration.HangingEntity/]: Hanging entity at invalid position: BlockPos{x=-371, y=27, z=-561}
[30May2025 00:08:04.734] [Worker-Main-41/ERROR] [net.minecraft.world.entity.decoration.HangingEntity/]: Hanging entity at invalid position: BlockPos{x=-372, y=27, z=-561}
[30May2025 00:08:04.734] [Worker-Main-41/ERROR] [net.minecraft.world.entity.decoration.HangingEntity/]: Hanging entity at invalid position: BlockPos{x=-373, y=27, z=-561}
[30May2025 00:08:52.996] [Worker-Main-40/ERROR] [net.minecraft.world.entity.decoration.HangingEntity/]: Hanging entity at invalid position: BlockPos{x=-235, y=27, z=-544}
[30May2025 00:08:52.997] [Worker-Main-40/ERROR] [net.minecraft.world.entity.decoration.HangingEntity/]: Hanging entity at invalid position: BlockPos{x=-234, y=32, z=-539}
[30May2025 00:08:53.836] [Worker-Main-42/ERROR] [net.minecraft.world.entity.decoration.HangingEntity/]: Hanging entity at invalid position: BlockPos{x=-307, y=29, z=-612}
[30May2025 00:08:53.837] [Worker-Main-42/ERROR] [net.minecraft.world.entity.decoration.HangingEntity/]: Hanging entity at invalid position: BlockPos{x=-307, y=29, z=-607}
[30May2025 00:08:53.837] [Worker-Main-42/ERROR] [net.minecraft.world.entity.decoration.HangingEntity/]: Hanging entity at invalid position: BlockPos{x=-303, y=29, z=-612}
[30May2025 00:08:53.838] [Worker-Main-42/ERROR] [net.minecraft.world.entity.decoration.HangingEntity/]: Hanging entity at invalid position: BlockPos{x=-303, y=29, z=-607}
[30May2025 00:08:57.467] [Worker-Main-42/ERROR] [net.minecraft.world.entity.decoration.HangingEntity/]: Hanging entity at invalid position: BlockPos{x=-235, y=27, z=-544}
[30May2025 00:08:57.491] [Worker-Main-40/ERROR] [net.minecraft.world.entity.decoration.HangingEntity/]: Hanging entity at invalid position: BlockPos{x=-355, y=26, z=-541}
[30May2025 00:09:01.079] [Worker-Main-42/ERROR] [net.minecraft.world.entity.decoration.HangingEntity/]: Hanging entity at invalid position: BlockPos{x=-355, y=26, z=-545}
[30May2025 00:09:01.492] [Worker-Main-42/ERROR] [net.minecraft.world.entity.decoration.HangingEntity/]: Hanging entity at invalid position: BlockPos{x=-234, y=32, z=-539}
[30May2025 00:09:01.638] [Server thread/INFO] [net.minecraft.server.MinecraftServer/]: D0G3 has made the advancement [Mine? Mine? Mine?]
[30May2025 00:10:25.152] [Server thread/INFO] [net.minecraft.server.MinecraftServer/]: z7zenger7z was slain by Grizzly Bear
[30May2025 00:14:28.904] [Server thread/INFO] [net.minecraft.server.MinecraftServer/]: JeffKennedy48 has made the advancement [Take Aim]
[30May2025 00:15:01.845] [Server thread/INFO] [net.minecraft.server.MinecraftServer/]: JeffKennedy48 was slain by Cyclops
[30May2025 00:16:22.283] [Server thread/INFO] [net.minecraft.server.MinecraftServer/]: D0G3 has made the advancement [Diamonds!]
[30May2025 00:17:08.644] [Server thread/INFO] [net.minecraft.server.MinecraftServer/]: D0G3 was slain by Cyclops
[30May2025 00:17:33.149] [Server thread/INFO] [net.minecraft.server.MinecraftServer/]: D0G3 was slain by Cyclops
[30May2025 00:17:48.296] [Server thread/INFO] [net.minecraft.server.MinecraftServer/]: D0G3 was slain by Cyclops
[30May2025 00:18:15.700] [Server thread/INFO] [net.minecraft.server.MinecraftServer/]: D0G3 was slain by Cyclops
[30May2025 00:18:34.946] [Server thread/INFO] [net.minecraft.server.MinecraftServer/]: D0G3 was slain by Cyclops
[30May2025 00:18:44.048] [Server thread/INFO] [net.minecraft.server.MinecraftServer/]: D0G3 was slain by Cyclops
[30May2025 00:19:12.393] [Server thread/INFO] [net.minecraft.server.MinecraftServer/]: D0G3 was slain by Cyclops
[30May2025 00:19:16.195] [Server thread/INFO] [net.minecraft.server.MinecraftServer/]: z7zenger7z was turned into gorgonzola by Gorgon
[30May2025 00:19:27.008] [Server thread/INFO] [net.minecraft.server.MinecraftServer/]: D0G3 was slain by Cyclops
[30May2025 00:19:46.050] [Server thread/INFO] [net.minecraft.world.entity.npc.Villager/]: Villager Villager['Villager'/43016, l='ServerLevel[world]', x=626.23, y=91.75, z=2480.49] died, message: 'Villager was slain by Zombie'
[30May2025 00:19:48.645] [Server thread/INFO] [net.minecraft.server.MinecraftServer/]: D0G3 was slain by Cyclops
[30May2025 00:20:00.750] [Server thread/INFO] [net.minecraft.server.MinecraftServer/]: D0G3 was slain by Cyclops
[30May2025 00:20:41.701] [Server thread/INFO] [net.minecraft.server.MinecraftServer/]: D0G3 was slain by Cyclops
[30May2025 00:20:48.348] [Server thread/INFO] [net.minecraft.server.MinecraftServer/]: D0G3 was slain by Cyclops
